{
  "nbformat": 4,
  "nbformat_minor": 0,
  "metadata": {
    "colab": {
      "provenance": [],
      "mount_file_id": "1UC3sCwW1Zy7KrDzPJmgra1qx67XXtvcQ",
      "authorship_tag": "ABX9TyMlRj7pYI5YiaphfXgGjbWt",
      "include_colab_link": true
    },
    "kernelspec": {
      "name": "python3",
      "display_name": "Python 3"
    },
    "language_info": {
      "name": "python"
    }
  },
  "cells": [
    {
      "cell_type": "markdown",
      "metadata": {
        "id": "view-in-github",
        "colab_type": "text"
      },
      "source": [
        "<a href=\"https://colab.research.google.com/github/yeamuhid/PYPROJECT/blob/main/%20Data%20Cleaning\" target=\"_parent\"><img src=\"https://colab.research.google.com/assets/colab-badge.svg\" alt=\"Open In Colab\"/></a>"
      ]
    },
    {
      "cell_type": "code",
      "execution_count": 4,
      "metadata": {
        "colab": {
          "base_uri": "https://localhost:8080/",
          "height": 575
        },
        "id": "UQpk5UK56F3b",
        "outputId": "16d3caa6-6812-4dbb-f8af-40080b78cf96"
      },
      "outputs": [
        {
          "output_type": "stream",
          "name": "stdout",
          "text": [
            "\n",
            "Initial Data Overview:\n",
            "<class 'pandas.core.frame.DataFrame'>\n",
            "RangeIndex: 20 entries, 0 to 19\n",
            "Data columns (total 3 columns):\n",
            " #   Column         Non-Null Count  Dtype\n",
            "---  ------         --------------  -----\n",
            " 0   Mileage        20 non-null     int64\n",
            " 1   Age(yrs)       20 non-null     int64\n",
            " 2   Sell Price($)  20 non-null     int64\n",
            "dtypes: int64(3)\n",
            "memory usage: 608.0 bytes\n",
            "None\n"
          ]
        },
        {
          "output_type": "error",
          "ename": "KeyError",
          "evalue": "['target_column']",
          "traceback": [
            "\u001b[0;31m---------------------------------------------------------------------------\u001b[0m",
            "\u001b[0;31mKeyError\u001b[0m                                  Traceback (most recent call last)",
            "\u001b[0;32m<ipython-input-4-d1ca7e5e6040>\u001b[0m in \u001b[0;36m<cell line: 13>\u001b[0;34m()\u001b[0m\n\u001b[1;32m     11\u001b[0m \u001b[0;31m# Handle missing values\u001b[0m\u001b[0;34m\u001b[0m\u001b[0;34m\u001b[0m\u001b[0m\n\u001b[1;32m     12\u001b[0m \u001b[0;31m# 1. Remove rows with missing target values (if applicable)\u001b[0m\u001b[0;34m\u001b[0m\u001b[0;34m\u001b[0m\u001b[0m\n\u001b[0;32m---> 13\u001b[0;31m \u001b[0mdata\u001b[0m\u001b[0;34m.\u001b[0m\u001b[0mdropna\u001b[0m\u001b[0;34m(\u001b[0m\u001b[0msubset\u001b[0m\u001b[0;34m=\u001b[0m\u001b[0;34m[\u001b[0m\u001b[0;34m'target_column'\u001b[0m\u001b[0;34m]\u001b[0m\u001b[0;34m,\u001b[0m \u001b[0minplace\u001b[0m\u001b[0;34m=\u001b[0m\u001b[0;32mTrue\u001b[0m\u001b[0;34m)\u001b[0m\u001b[0;34m\u001b[0m\u001b[0;34m\u001b[0m\u001b[0m\n\u001b[0m\u001b[1;32m     14\u001b[0m \u001b[0;34m\u001b[0m\u001b[0m\n\u001b[1;32m     15\u001b[0m \u001b[0;31m# 2. Fill missing values with mean, median, or a placeholder\u001b[0m\u001b[0;34m\u001b[0m\u001b[0;34m\u001b[0m\u001b[0m\n",
            "\u001b[0;32m/usr/local/lib/python3.10/dist-packages/pandas/core/frame.py\u001b[0m in \u001b[0;36mdropna\u001b[0;34m(self, axis, how, thresh, subset, inplace, ignore_index)\u001b[0m\n\u001b[1;32m   6668\u001b[0m             \u001b[0mcheck\u001b[0m \u001b[0;34m=\u001b[0m \u001b[0mindices\u001b[0m \u001b[0;34m==\u001b[0m \u001b[0;34m-\u001b[0m\u001b[0;36m1\u001b[0m\u001b[0;34m\u001b[0m\u001b[0;34m\u001b[0m\u001b[0m\n\u001b[1;32m   6669\u001b[0m             \u001b[0;32mif\u001b[0m \u001b[0mcheck\u001b[0m\u001b[0;34m.\u001b[0m\u001b[0many\u001b[0m\u001b[0;34m(\u001b[0m\u001b[0;34m)\u001b[0m\u001b[0;34m:\u001b[0m\u001b[0;34m\u001b[0m\u001b[0;34m\u001b[0m\u001b[0m\n\u001b[0;32m-> 6670\u001b[0;31m                 \u001b[0;32mraise\u001b[0m \u001b[0mKeyError\u001b[0m\u001b[0;34m(\u001b[0m\u001b[0mnp\u001b[0m\u001b[0;34m.\u001b[0m\u001b[0marray\u001b[0m\u001b[0;34m(\u001b[0m\u001b[0msubset\u001b[0m\u001b[0;34m)\u001b[0m\u001b[0;34m[\u001b[0m\u001b[0mcheck\u001b[0m\u001b[0;34m]\u001b[0m\u001b[0;34m.\u001b[0m\u001b[0mtolist\u001b[0m\u001b[0;34m(\u001b[0m\u001b[0;34m)\u001b[0m\u001b[0;34m)\u001b[0m\u001b[0;34m\u001b[0m\u001b[0;34m\u001b[0m\u001b[0m\n\u001b[0m\u001b[1;32m   6671\u001b[0m             \u001b[0magg_obj\u001b[0m \u001b[0;34m=\u001b[0m \u001b[0mself\u001b[0m\u001b[0;34m.\u001b[0m\u001b[0mtake\u001b[0m\u001b[0;34m(\u001b[0m\u001b[0mindices\u001b[0m\u001b[0;34m,\u001b[0m \u001b[0maxis\u001b[0m\u001b[0;34m=\u001b[0m\u001b[0magg_axis\u001b[0m\u001b[0;34m)\u001b[0m\u001b[0;34m\u001b[0m\u001b[0;34m\u001b[0m\u001b[0m\n\u001b[1;32m   6672\u001b[0m \u001b[0;34m\u001b[0m\u001b[0m\n",
            "\u001b[0;31mKeyError\u001b[0m: ['target_column']"
          ]
        }
      ],
      "source": [
        "import pandas as pd\n",
        "import numpy as np\n",
        "\n",
        "# Load dataset\n",
        "data = pd.read_csv('/content/drive/MyDrive/CODE/carprices.csv')\n",
        "\n",
        "# Display basic info about the dataset\n",
        "print(\"\\nInitial Data Overview:\")\n",
        "print(data.info())\n",
        "\n",
        "# Handle missing values\n",
        "# 1. Remove rows with missing target values (if applicable)\n",
        "data.dropna(subset=['target_column'], inplace=True)\n",
        "\n",
        "# 2. Fill missing values with mean, median, or a placeholder\n",
        "numerical_columns = ['column1', 'column2']\n",
        "data[numerical_columns] = data[numerical_columns].fillna(data[numerical_columns].mean())\n",
        "data['categorical_column'] = data['categorical_column'].fillna('Unknown')\n",
        "\n",
        "# Remove duplicates\n",
        "data.drop_duplicates(inplace=True)\n",
        "\n",
        "# Handle incorrect or inconsistent data entries\n",
        "# Example: Standardize text data\n",
        "data['city'] = data['city'].str.strip().str.title()  # Remove extra spaces and capitalize\n",
        "\n",
        "# Convert data types if necessary\n",
        "data['date_column'] = pd.to_datetime(data['date_column'], errors='coerce')\n",
        "\n",
        "# Remove outliers using z-score (for example, on column 'column_name')\n",
        "from scipy import stats\n",
        "z_scores = np.abs(stats.zscore(data['column_name']))\n",
        "data = data[z_scores < 3]\n",
        "\n",
        "# Rename columns for consistency\n",
        "columns_rename_map = {'OldColumnName': 'NewColumnName'}\n",
        "data.rename(columns=columns_rename_map, inplace=True)\n",
        "\n",
        "# Normalize numerical columns (scaling)\n",
        "data['normalized_column'] = (data['column_to_normalize'] - data['column_to_normalize'].min()) / (\n",
        "    data['column_to_normalize'].max() - data['column_to_normalize'].min()\n",
        ")\n",
        "\n",
        "# Save the cleaned dataset\n",
        "data.to_csv('cleaned_dataset.csv', index=False)\n",
        "\n",
        "print(\"\\nData Cleaning Complete. Cleaned dataset saved as 'cleaned_dataset.csv'.\")\n"
      ]
    },
    {
      "cell_type": "code",
      "source": [
        "import pandas as pd\n",
        "\n",
        "# Load dataset\n",
        "data = pd.read_csv('/content/drive/MyDrive/CODE/carprices.csv')\n",
        "\n",
        "# Handle missing values\n",
        "data.fillna(method='ffill', inplace=True)  # Forward fill missing values\n",
        "\n",
        "# Remove duplicates\n",
        "data.drop_duplicates(inplace=True)\n",
        "\n",
        "# Standardize text data\n",
        "data.columns = data.columns.str.strip().str.lower()  # Clean column names\n",
        "\n",
        "# Save cleaned dataset\n",
        "data.to_csv('cleaned_dataset.csv', index=False)\n",
        "\n",
        "print(\"Data cleaning complete. Cleaned data saved as 'cleaned_dataset.csv'.\")\n"
      ],
      "metadata": {
        "colab": {
          "base_uri": "https://localhost:8080/"
        },
        "id": "9ZJ0LhmP7Ozw",
        "outputId": "9f850ae8-96f0-4db8-fe6e-95dd466e9566"
      },
      "execution_count": 7,
      "outputs": [
        {
          "output_type": "stream",
          "name": "stdout",
          "text": [
            "Data cleaning complete. Cleaned data saved as 'cleaned_dataset.csv'.\n"
          ]
        },
        {
          "output_type": "stream",
          "name": "stderr",
          "text": [
            "<ipython-input-7-934c3457c432>:7: FutureWarning: DataFrame.fillna with 'method' is deprecated and will raise in a future version. Use obj.ffill() or obj.bfill() instead.\n",
            "  data.fillna(method='ffill', inplace=True)  # Forward fill missing values\n"
          ]
        }
      ]
    },
    {
      "cell_type": "code",
      "source": [
        "import pandas as pd\n",
        "\n",
        "# Load dataset\n",
        "data = pd.read_csv('/content/drive/MyDrive/CODE/carprices.csv')\n",
        "\n",
        "# Fill missing values with a default value\n",
        "data.fillna(0, inplace=True)\n",
        "\n",
        "# Remove duplicate rows\n",
        "data.drop_duplicates(inplace=True)\n",
        "\n",
        "# Save cleaned dataset\n",
        "data.to_csv('cleaned_dataset.csv', index=False)\n",
        "\n",
        "print(\"Data cleaning completed and saved as 'cleaned_dataset.csv'.\")"
      ],
      "metadata": {
        "colab": {
          "base_uri": "https://localhost:8080/"
        },
        "id": "OnC85TVn74BA",
        "outputId": "2da2d5df-f89e-4e3d-da18-d26c0083f7dc"
      },
      "execution_count": 6,
      "outputs": [
        {
          "output_type": "stream",
          "name": "stdout",
          "text": [
            "Data cleaning completed and saved as 'cleaned_dataset.csv'.\n"
          ]
        }
      ]
    },
    {
      "cell_type": "code",
      "source": [
        "import pandas as pd\n",
        "import numpy as np\n",
        "\n",
        "# Load dataset\n",
        "data = pd.read_csv('/content/drive/MyDrive/CODE/homeprices (1).csv')\n",
        "\n",
        "# Display basic dataset information\n",
        "print(\"Initial Data Overview:\")\n",
        "print(data.info())\n",
        "\n",
        "# Handling missing values\n",
        "# Fill missing numerical values with mean\n",
        "data.fillna({\n",
        "    col: data[col].mean() for col in data.select_dtypes(include=['float64', 'int64']).columns\n",
        "}, inplace=True)\n",
        "\n",
        "# Fill missing categorical values with mode\n",
        "for col in data.select_dtypes(include=['object']).columns:\n",
        "    data[col].fillna(data[col].mode()[0], inplace=True)\n",
        "\n",
        "# Standardize text columns\n",
        "for col in data.select_dtypes(include=['object']).columns:\n",
        "    data[col] = data[col].str.strip().str.lower()\n",
        "\n",
        "# Remove duplicates\n",
        "data.drop_duplicates(inplace=True)\n",
        "\n",
        "# Convert date columns to datetime\n",
        "date_columns = [col for col in data.columns if 'date' in col.lower()]\n",
        "for col in date_columns:\n",
        "    data[col] = pd.to_datetime(data[col], errors='coerce')\n",
        "\n",
        "# Detect and handle outliers using IQR\n",
        "for col in data.select_dtypes(include=['float64', 'int64']).columns:\n",
        "    Q1 = data[col].quantile(0.25)\n",
        "    Q3 = data[col].quantile(0.75)\n",
        "    IQR = Q3 - Q1\n",
        "    data = data[~((data[col] < (Q1 - 1.5 * IQR)) | (data[col] > (Q3 + 1.5 * IQR)))]\n",
        "\n",
        "# Rename columns for consistency\n",
        "data.columns = data.columns.str.strip().str.lower().str.replace(' ', '_')\n",
        "\n",
        "# Normalize numerical columns\n",
        "data['normalized_column'] = (data['numeric_column'] - data['numeric_column'].min()) / (\n",
        "    data['numeric_column'].max() - data['numeric_column'].min()\n",
        ")\n",
        "\n",
        "# Save cleaned dataset\n",
        "data.to_csv('cleaned_dataset_advanced.csv', index=False)\n",
        "\n",
        "print(\"Advanced data cleaning completed. Cleaned data saved as 'cleaned_dataset_advanced.csv'.\")"
      ],
      "metadata": {
        "colab": {
          "base_uri": "https://localhost:8080/",
          "height": 773
        },
        "id": "bNhPavYc8xgB",
        "outputId": "8890a720-93a9-486c-dca2-765c2eae6d21"
      },
      "execution_count": 10,
      "outputs": [
        {
          "output_type": "stream",
          "name": "stdout",
          "text": [
            "Initial Data Overview:\n",
            "<class 'pandas.core.frame.DataFrame'>\n",
            "RangeIndex: 6 entries, 0 to 5\n",
            "Data columns (total 4 columns):\n",
            " #   Column    Non-Null Count  Dtype  \n",
            "---  ------    --------------  -----  \n",
            " 0   area      6 non-null      int64  \n",
            " 1   bedrooms  5 non-null      float64\n",
            " 2   age       6 non-null      int64  \n",
            " 3   price     6 non-null      int64  \n",
            "dtypes: float64(1), int64(3)\n",
            "memory usage: 320.0 bytes\n",
            "None\n"
          ]
        },
        {
          "output_type": "error",
          "ename": "KeyError",
          "evalue": "'numeric_column'",
          "traceback": [
            "\u001b[0;31m---------------------------------------------------------------------------\u001b[0m",
            "\u001b[0;31mKeyError\u001b[0m                                  Traceback (most recent call last)",
            "\u001b[0;32m/usr/local/lib/python3.10/dist-packages/pandas/core/indexes/base.py\u001b[0m in \u001b[0;36mget_loc\u001b[0;34m(self, key)\u001b[0m\n\u001b[1;32m   3804\u001b[0m         \u001b[0;32mtry\u001b[0m\u001b[0;34m:\u001b[0m\u001b[0;34m\u001b[0m\u001b[0;34m\u001b[0m\u001b[0m\n\u001b[0;32m-> 3805\u001b[0;31m             \u001b[0;32mreturn\u001b[0m \u001b[0mself\u001b[0m\u001b[0;34m.\u001b[0m\u001b[0m_engine\u001b[0m\u001b[0;34m.\u001b[0m\u001b[0mget_loc\u001b[0m\u001b[0;34m(\u001b[0m\u001b[0mcasted_key\u001b[0m\u001b[0;34m)\u001b[0m\u001b[0;34m\u001b[0m\u001b[0;34m\u001b[0m\u001b[0m\n\u001b[0m\u001b[1;32m   3806\u001b[0m         \u001b[0;32mexcept\u001b[0m \u001b[0mKeyError\u001b[0m \u001b[0;32mas\u001b[0m \u001b[0merr\u001b[0m\u001b[0;34m:\u001b[0m\u001b[0;34m\u001b[0m\u001b[0;34m\u001b[0m\u001b[0m\n",
            "\u001b[0;32mindex.pyx\u001b[0m in \u001b[0;36mpandas._libs.index.IndexEngine.get_loc\u001b[0;34m()\u001b[0m\n",
            "\u001b[0;32mindex.pyx\u001b[0m in \u001b[0;36mpandas._libs.index.IndexEngine.get_loc\u001b[0;34m()\u001b[0m\n",
            "\u001b[0;32mpandas/_libs/hashtable_class_helper.pxi\u001b[0m in \u001b[0;36mpandas._libs.hashtable.PyObjectHashTable.get_item\u001b[0;34m()\u001b[0m\n",
            "\u001b[0;32mpandas/_libs/hashtable_class_helper.pxi\u001b[0m in \u001b[0;36mpandas._libs.hashtable.PyObjectHashTable.get_item\u001b[0;34m()\u001b[0m\n",
            "\u001b[0;31mKeyError\u001b[0m: 'numeric_column'",
            "\nThe above exception was the direct cause of the following exception:\n",
            "\u001b[0;31mKeyError\u001b[0m                                  Traceback (most recent call last)",
            "\u001b[0;32m<ipython-input-10-e79761d97498>\u001b[0m in \u001b[0;36m<cell line: 44>\u001b[0;34m()\u001b[0m\n\u001b[1;32m     42\u001b[0m \u001b[0;34m\u001b[0m\u001b[0m\n\u001b[1;32m     43\u001b[0m \u001b[0;31m# Normalize numerical columns\u001b[0m\u001b[0;34m\u001b[0m\u001b[0;34m\u001b[0m\u001b[0m\n\u001b[0;32m---> 44\u001b[0;31m data['normalized_column'] = (data['numeric_column'] - data['numeric_column'].min()) / (\n\u001b[0m\u001b[1;32m     45\u001b[0m     \u001b[0mdata\u001b[0m\u001b[0;34m[\u001b[0m\u001b[0;34m'numeric_column'\u001b[0m\u001b[0;34m]\u001b[0m\u001b[0;34m.\u001b[0m\u001b[0mmax\u001b[0m\u001b[0;34m(\u001b[0m\u001b[0;34m)\u001b[0m \u001b[0;34m-\u001b[0m \u001b[0mdata\u001b[0m\u001b[0;34m[\u001b[0m\u001b[0;34m'numeric_column'\u001b[0m\u001b[0;34m]\u001b[0m\u001b[0;34m.\u001b[0m\u001b[0mmin\u001b[0m\u001b[0;34m(\u001b[0m\u001b[0;34m)\u001b[0m\u001b[0;34m\u001b[0m\u001b[0;34m\u001b[0m\u001b[0m\n\u001b[1;32m     46\u001b[0m )\n",
            "\u001b[0;32m/usr/local/lib/python3.10/dist-packages/pandas/core/frame.py\u001b[0m in \u001b[0;36m__getitem__\u001b[0;34m(self, key)\u001b[0m\n\u001b[1;32m   4100\u001b[0m             \u001b[0;32mif\u001b[0m \u001b[0mself\u001b[0m\u001b[0;34m.\u001b[0m\u001b[0mcolumns\u001b[0m\u001b[0;34m.\u001b[0m\u001b[0mnlevels\u001b[0m \u001b[0;34m>\u001b[0m \u001b[0;36m1\u001b[0m\u001b[0;34m:\u001b[0m\u001b[0;34m\u001b[0m\u001b[0;34m\u001b[0m\u001b[0m\n\u001b[1;32m   4101\u001b[0m                 \u001b[0;32mreturn\u001b[0m \u001b[0mself\u001b[0m\u001b[0;34m.\u001b[0m\u001b[0m_getitem_multilevel\u001b[0m\u001b[0;34m(\u001b[0m\u001b[0mkey\u001b[0m\u001b[0;34m)\u001b[0m\u001b[0;34m\u001b[0m\u001b[0;34m\u001b[0m\u001b[0m\n\u001b[0;32m-> 4102\u001b[0;31m             \u001b[0mindexer\u001b[0m \u001b[0;34m=\u001b[0m \u001b[0mself\u001b[0m\u001b[0;34m.\u001b[0m\u001b[0mcolumns\u001b[0m\u001b[0;34m.\u001b[0m\u001b[0mget_loc\u001b[0m\u001b[0;34m(\u001b[0m\u001b[0mkey\u001b[0m\u001b[0;34m)\u001b[0m\u001b[0;34m\u001b[0m\u001b[0;34m\u001b[0m\u001b[0m\n\u001b[0m\u001b[1;32m   4103\u001b[0m             \u001b[0;32mif\u001b[0m \u001b[0mis_integer\u001b[0m\u001b[0;34m(\u001b[0m\u001b[0mindexer\u001b[0m\u001b[0;34m)\u001b[0m\u001b[0;34m:\u001b[0m\u001b[0;34m\u001b[0m\u001b[0;34m\u001b[0m\u001b[0m\n\u001b[1;32m   4104\u001b[0m                 \u001b[0mindexer\u001b[0m \u001b[0;34m=\u001b[0m \u001b[0;34m[\u001b[0m\u001b[0mindexer\u001b[0m\u001b[0;34m]\u001b[0m\u001b[0;34m\u001b[0m\u001b[0;34m\u001b[0m\u001b[0m\n",
            "\u001b[0;32m/usr/local/lib/python3.10/dist-packages/pandas/core/indexes/base.py\u001b[0m in \u001b[0;36mget_loc\u001b[0;34m(self, key)\u001b[0m\n\u001b[1;32m   3810\u001b[0m             ):\n\u001b[1;32m   3811\u001b[0m                 \u001b[0;32mraise\u001b[0m \u001b[0mInvalidIndexError\u001b[0m\u001b[0;34m(\u001b[0m\u001b[0mkey\u001b[0m\u001b[0;34m)\u001b[0m\u001b[0;34m\u001b[0m\u001b[0;34m\u001b[0m\u001b[0m\n\u001b[0;32m-> 3812\u001b[0;31m             \u001b[0;32mraise\u001b[0m \u001b[0mKeyError\u001b[0m\u001b[0;34m(\u001b[0m\u001b[0mkey\u001b[0m\u001b[0;34m)\u001b[0m \u001b[0;32mfrom\u001b[0m \u001b[0merr\u001b[0m\u001b[0;34m\u001b[0m\u001b[0;34m\u001b[0m\u001b[0m\n\u001b[0m\u001b[1;32m   3813\u001b[0m         \u001b[0;32mexcept\u001b[0m \u001b[0mTypeError\u001b[0m\u001b[0;34m:\u001b[0m\u001b[0;34m\u001b[0m\u001b[0;34m\u001b[0m\u001b[0m\n\u001b[1;32m   3814\u001b[0m             \u001b[0;31m# If we have a listlike key, _check_indexing_error will raise\u001b[0m\u001b[0;34m\u001b[0m\u001b[0;34m\u001b[0m\u001b[0m\n",
            "\u001b[0;31mKeyError\u001b[0m: 'numeric_column'"
          ]
        }
      ]
    }
  ]
}